/usr/lib/jvm/java-9-jdk/bin/java -javaagent:/usr/share/intellijidea-ce/lib/idea_rt.jar=33431:/usr/share/intellijidea-ce/bin -Dfile.encoding=UTF-8 -p /home/rs/code/play/play-react-dom-server/target/classes -m com.play/com.play.App
Exception in thread "main" javax.script.ScriptException: ReferenceError: "Map" is not defined in <eval> at line number 1794
	at jdk.scripting.nashorn/jdk.nashorn.api.scripting.NashornScriptEngine.throwAsScriptException(NashornScriptEngine.java:469)
	at jdk.scripting.nashorn/jdk.nashorn.api.scripting.NashornScriptEngine.evalImpl(NashornScriptEngine.java:453)
	at jdk.scripting.nashorn/jdk.nashorn.api.scripting.NashornScriptEngine.evalImpl(NashornScriptEngine.java:405)
	at jdk.scripting.nashorn/jdk.nashorn.api.scripting.NashornScriptEngine.evalImpl(NashornScriptEngine.java:401)
	at jdk.scripting.nashorn/jdk.nashorn.api.scripting.NashornScriptEngine.eval(NashornScriptEngine.java:149)
	at java.scripting/javax.script.AbstractScriptEngine.eval(AbstractScriptEngine.java:249)
	at com.play/com.play.App.main(App.java:14)
Caused by: <eval>:1794 ReferenceError: "Map" is not defined
	at jdk.scripting.nashorn/jdk.nashorn.internal.runtime.ECMAErrors.error(ECMAErrors.java:57)
	at jdk.scripting.nashorn/jdk.nashorn.internal.runtime.ECMAErrors.referenceError(ECMAErrors.java:319)
	at jdk.scripting.nashorn/jdk.nashorn.internal.runtime.ECMAErrors.referenceError(ECMAErrors.java:291)
	at jdk.scripting.nashorn/jdk.nashorn.internal.objects.Global.__noSuchProperty__(Global.java:1615)
	at jdk.scripting.nashorn.scripts/jdk.nashorn.internal.scripts.Script$Recompilation$52$26758$\^eval\_$cu1$restOf.L:760#L:763#L:777(<eval>:1794)
	at jdk.scripting.nashorn.scripts/jdk.nashorn.internal.scripts.Script$Recompilation$17$26453A$\^eval\_.L:760#L:763(<eval>:777)
	at jdk.scripting.nashorn.scripts/jdk.nashorn.internal.scripts.Script$Recompilation$16$26361AAA$\^eval\_$cu1$restOf.L:760(<eval>:2121)
	at jdk.scripting.nashorn.scripts/jdk.nashorn.internal.scripts.Script$Recompilation$7$170I$\^eval\_.L:1#__webpack_require__(<eval>:20)
	at jdk.scripting.nashorn.scripts/jdk.nashorn.internal.scripts.Script$Recompilation$13$11736A$\^eval\_.L:421#L:424(<eval>:429)
	at jdk.scripting.nashorn.scripts/jdk.nashorn.internal.scripts.Script$Recompilation$12$11644AAA$\^eval\_$cu1$restOf.L:421(<eval>:432)
	at jdk.scripting.nashorn.scripts/jdk.nashorn.internal.scripts.Script$Recompilation$7$170I$\^eval\_.L:1#__webpack_require__(<eval>:20)
	at jdk.scripting.nashorn.scripts/jdk.nashorn.internal.scripts.Script$Recompilation$8$20399AAA$\^eval\_.L:707(<eval>:712)
	at jdk.scripting.nashorn.scripts/jdk.nashorn.internal.scripts.Script$Recompilation$7$170I$\^eval\_$cu1$restOf.L:1#__webpack_require__(<eval>:20)
	at jdk.scripting.nashorn.scripts/jdk.nashorn.internal.scripts.Script$Recompilation$5$10A$\^eval\_$cu1$restOf.L:1(<eval>:63)
	at jdk.scripting.nashorn.scripts/jdk.nashorn.internal.scripts.Script$Recompilation$3$\^eval\_.:program(<eval>:1)
	at jdk.scripting.nashorn/jdk.nashorn.internal.runtime.ScriptFunctionData.invoke(ScriptFunctionData.java:652)
	at jdk.scripting.nashorn/jdk.nashorn.internal.runtime.ScriptFunction.invoke(ScriptFunction.java:513)
	at jdk.scripting.nashorn/jdk.nashorn.internal.runtime.ScriptRuntime.apply(ScriptRuntime.java:517)
	at jdk.scripting.nashorn/jdk.nashorn.api.scripting.NashornScriptEngine.evalImpl(NashornScriptEngine.java:448)
	... 5 more